<?xml version="1.0" encoding="UTF-8"?>
<!-- Generated by org.testng.reporters.JUnitReportReporter -->
<testsuite skipped="0" hostname="MacBook-Pro.local" name="runner.TestRunner" tests="1" failures="0" timestamp="2020-08-26T14:01:42 CDT" time="5.834" errors="0">
  <testcase name="feature" time="5.834" classname="runner.TestRunner"/>
  <system-out/>
</testsuite> <!-- runner.TestRunner -->
